# JRE version: Java(TM) SE Runtime Environment (16.0.1+9) (build 16.0.1+9-24)
# Java VM: Java HotSpot(TM) 64-Bit Server VM (16.0.1+9-24, mixed mode, sharing, tiered, compressed oops, compressed class ptrs, g1 gc, windows-amd64)
GC Precious Log:
 CPUs: 8 total, 8 available
 Memory: 14213M
 Large Page Support: Disabled
 NUMA Support: Disabled
 Compressed Oops: Enabled (32-bit)
 Heap Region Size: 1M
 Heap Min Capacity: 256M
 Heap Initial Capacity: 256M
 Heap Max Capacity: 512M
 Pre-touch: Disabled
 Parallel Workers: 8
 Concurrent Workers: 2
 Concurrent Refinement Workers: 8
 Periodic GC: Disabled
Heap:
 garbage-first heap   total 262144K, used 151874K [0x00000000e0000000, 0x0000000100000000)
  region size 1024K, 48 young (49152K), 14 survivors (14336K)
 Metaspace       used 94147K, committed 94912K, reserved 303104K
  class space    used 12510K, committed 12864K, reserved 212992K
GC Heap History (18 events):
Event: 0.848 GC heap before
{Heap before GC invocations=0 (full 0):
 garbage-first heap   total 262144K, used 28672K [0x00000000e0000000, 0x0000000100000000)
  region size 1024K, 23 young (23552K), 0 survivors (0K)
 Metaspace       used 3198K, committed 3328K, reserved 221184K
  class space    used 391K, committed 448K, reserved 212992K
}
Event: 0.853 GC heap after
{Heap after GC invocations=1 (full 0):
 garbage-first heap   total 262144K, used 9417K [0x00000000e0000000, 0x0000000100000000)
  region size 1024K, 3 young (3072K), 3 survivors (3072K)
 Metaspace       used 3198K, committed 3328K, reserved 221184K
  class space    used 391K, committed 448K, reserved 212992K
}
Event: 1.278 GC heap before
{Heap before GC invocations=1 (full 0):
 garbage-first heap   total 262144K, used 35017K [0x00000000e0000000, 0x0000000100000000)
  region size 1024K, 28 young (28672K), 3 survivors (3072K)
 Metaspace       used 4110K, committed 4224K, reserved 221184K
  class space    used 485K, committed 576K, reserved 212992K
}
Event: 1.281 GC heap after
{Heap after GC invocations=2 (full 0):
 garbage-first heap   total 262144K, used 10090K [0x00000000e0000000, 0x0000000100000000)
  region size 1024K, 1 young (1024K), 1 survivors (1024K)
 Metaspace       used 4110K, committed 4224K, reserved 221184K
  class space    used 485K, committed 576K, reserved 212992K
}
Event: 3.940 GC heap before
{Heap before GC invocations=2 (full 0):
 garbage-first heap   total 262144K, used 153450K [0x00000000e0000000, 0x0000000100000000)
  region size 1024K, 115 young (117760K), 1 survivors (1024K)
 Metaspace       used 20917K, committed 21248K, reserved 237568K
  class space    used 3083K, committed 3264K, reserved 212992K
}
Event: 3.950 GC heap after
{Heap after GC invocations=3 (full 0):
 garbage-first heap   total 262144K, used 51127K [0x00000000e0000000, 0x0000000100000000)
  region size 1024K, 14 young (14336K), 14 survivors (14336K)
 Metaspace       used 20917K, committed 21248K, reserved 237568K
  class space    used 3083K, committed 3264K, reserved 212992K
}
Event: 5.812 GC heap before
{Heap before GC invocations=4 (full 0):
 garbage-first heap   total 262144K, used 158647K [0x00000000e0000000, 0x0000000100000000)
  region size 1024K, 118 young (120832K), 14 survivors (14336K)
 Metaspace       used 35137K, committed 35520K, reserved 245760K
  class space    used 4841K, committed 4992K, reserved 212992K
}
Event: 5.824 GC heap after
{Heap after GC invocations=5 (full 0):
 garbage-first heap   total 262144K, used 59919K [0x00000000e0000000, 0x0000000100000000)
  region size 1024K, 9 young (9216K), 9 survivors (9216K)
 Metaspace       used 35137K, committed 35520K, reserved 245760K
  class space    used 4841K, committed 4992K, reserved 212992K
}
Event: 7.945 GC heap before
{Heap before GC invocations=6 (full 0):
 garbage-first heap   total 262144K, used 193039K [0x00000000e0000000, 0x0000000100000000)
  region size 1024K, 134 young (137216K), 9 survivors (9216K)
 Metaspace       used 49803K, committed 50496K, reserved 262144K
  class space    used 7290K, committed 7616K, reserved 212992K
}
Event: 7.962 GC heap after
{Heap after GC invocations=7 (full 0):
 garbage-first heap   total 262144K, used 73116K [0x00000000e0000000, 0x0000000100000000)
  region size 1024K, 17 young (17408K), 17 survivors (17408K)
 Metaspace       used 49803K, committed 50496K, reserved 262144K
  class space    used 7290K, committed 7616K, reserved 212992K
}
Event: 8.909 GC heap before
{Heap before GC invocations=7 (full 0):
 garbage-first heap   total 262144K, used 166300K [0x00000000e0000000, 0x0000000100000000)
  region size 1024K, 96 young (98304K), 17 survivors (17408K)
 Metaspace       used 58813K, committed 59456K, reserved 270336K
  class space    used 8368K, committed 8640K, reserved 212992K
}
Event: 8.926 GC heap after
{Heap after GC invocations=8 (full 0):
 garbage-first heap   total 262144K, used 88439K [0x00000000e0000000, 0x0000000100000000)
  region size 1024K, 16 young (16384K), 16 survivors (16384K)
 Metaspace       used 58813K, committed 59456K, reserved 270336K
  class space    used 8368K, committed 8640K, reserved 212992K
}
Event: 10.482 GC heap before
{Heap before GC invocations=9 (full 0):
 garbage-first heap   total 262144K, used 207223K [0x00000000e0000000, 0x0000000100000000)
  region size 1024K, 128 young (131072K), 16 survivors (16384K)
 Metaspace       used 70745K, committed 71360K, reserved 278528K
  class space    used 9648K, committed 9920K, reserved 212992K
}
Event: 10.500 GC heap after
{Heap after GC invocations=10 (full 0):
 garbage-first heap   total 262144K, used 97568K [0x00000000e0000000, 0x0000000100000000)
  region size 1024K, 16 young (16384K), 16 survivors (16384K)
 Metaspace       used 70745K, committed 71360K, reserved 278528K
  class space    used 9648K, committed 9920K, reserved 212992K
}
Event: 11.759 GC heap before
{Heap before GC invocations=10 (full 0):
 garbage-first heap   total 262144K, used 207136K [0x00000000e0000000, 0x0000000100000000)
  region size 1024K, 122 young (124928K), 16 survivors (16384K)
 Metaspace       used 79518K, committed 80128K, reserved 286720K
  class space    used 10675K, committed 10944K, reserved 212992K
}
Event: 11.773 GC heap after
{Heap after GC invocations=11 (full 0):
 garbage-first heap   total 262144K, used 105681K [0x00000000e0000000, 0x0000000100000000)
  region size 1024K, 8 young (8192K), 8 survivors (8192K)
 Metaspace       used 79518K, committed 80128K, reserved 286720K
  class space    used 10675K, committed 10944K, reserved 212992K
}
Event: 13.382 GC heap before
{Heap before GC invocations=11 (full 0):
 garbage-first heap   total 262144K, used 215249K [0x00000000e0000000, 0x0000000100000000)
  region size 1024K, 110 young (112640K), 8 survivors (8192K)
 Metaspace       used 89658K, committed 90240K, reserved 294912K
  class space    used 11827K, committed 12096K, reserved 212992K
}
Event: 13.391 GC heap after
{Heap after GC invocations=12 (full 0):
 garbage-first heap   total 262144K, used 118082K [0x00000000e0000000, 0x0000000100000000)
  region size 1024K, 14 young (14336K), 14 survivors (14336K)
 Metaspace       used 89658K, committed 90240K, reserved 294912K
  class space    used 11827K, committed 12096K, reserved 212992K
}

