# JRE version: Java(TM) SE Runtime Environment (16.0.1+9) (build 16.0.1+9-24)
# Java VM: Java HotSpot(TM) 64-Bit Server VM (16.0.1+9-24, mixed mode, sharing, tiered, compressed oops, compressed class ptrs, g1 gc, windows-amd64)
GC Precious Log:
 CPUs: 8 total, 8 available
 Memory: 14213M
 Large Page Support: Disabled
 NUMA Support: Disabled
 Compressed Oops: Enabled (32-bit)
 Heap Region Size: 1M
 Heap Min Capacity: 256M
 Heap Initial Capacity: 256M
 Heap Max Capacity: 512M
 Pre-touch: Disabled
 Parallel Workers: 8
 Concurrent Workers: 2
 Concurrent Refinement Workers: 8
 Periodic GC: Disabled
Heap:
 garbage-first heap   total 262144K, used 121423K [0x00000000e0000000, 0x0000000100000000)
  region size 1024K, 40 young (40960K), 8 survivors (8192K)
 Metaspace       used 57567K, committed 58240K, reserved 270336K
  class space    used 7950K, committed 8256K, reserved 212992K
GC Heap History (12 events):
Event: 0.828 GC heap before
{Heap before GC invocations=0 (full 0):
 garbage-first heap   total 262144K, used 28672K [0x00000000e0000000, 0x0000000100000000)
  region size 1024K, 23 young (23552K), 0 survivors (0K)
 Metaspace       used 3203K, committed 3328K, reserved 221184K
  class space    used 391K, committed 448K, reserved 212992K
}
Event: 0.832 GC heap after
{Heap after GC invocations=1 (full 0):
 garbage-first heap   total 262144K, used 9683K [0x00000000e0000000, 0x0000000100000000)
  region size 1024K, 3 young (3072K), 3 survivors (3072K)
 Metaspace       used 3203K, committed 3328K, reserved 221184K
  class space    used 391K, committed 448K, reserved 212992K
}
Event: 1.284 GC heap before
{Heap before GC invocations=1 (full 0):
 garbage-first heap   total 262144K, used 35283K [0x00000000e0000000, 0x0000000100000000)
  region size 1024K, 28 young (28672K), 3 survivors (3072K)
 Metaspace       used 4109K, committed 4224K, reserved 221184K
  class space    used 485K, committed 576K, reserved 212992K
}
Event: 1.287 GC heap after
{Heap after GC invocations=2 (full 0):
 garbage-first heap   total 262144K, used 10215K [0x00000000e0000000, 0x0000000100000000)
  region size 1024K, 1 young (1024K), 1 survivors (1024K)
 Metaspace       used 4109K, committed 4224K, reserved 221184K
  class space    used 485K, committed 576K, reserved 212992K
}
Event: 3.997 GC heap before
{Heap before GC invocations=2 (full 0):
 garbage-first heap   total 262144K, used 153575K [0x00000000e0000000, 0x0000000100000000)
  region size 1024K, 115 young (117760K), 1 survivors (1024K)
 Metaspace       used 20919K, committed 21248K, reserved 237568K
  class space    used 3080K, committed 3264K, reserved 212992K
}
Event: 4.007 GC heap after
{Heap after GC invocations=3 (full 0):
 garbage-first heap   total 262144K, used 51995K [0x00000000e0000000, 0x0000000100000000)
  region size 1024K, 15 young (15360K), 15 survivors (15360K)
 Metaspace       used 20919K, committed 21248K, reserved 237568K
  class space    used 3080K, committed 3264K, reserved 212992K
}
Event: 6.246 GC heap before
{Heap before GC invocations=4 (full 0):
 garbage-first heap   total 262144K, used 157467K [0x00000000e0000000, 0x0000000100000000)
  region size 1024K, 117 young (119808K), 15 survivors (15360K)
 Metaspace       used 35171K, committed 35520K, reserved 245760K
  class space    used 4838K, committed 4992K, reserved 212992K
}
Event: 6.261 GC heap after
{Heap after GC invocations=5 (full 0):
 garbage-first heap   total 262144K, used 59234K [0x00000000e0000000, 0x0000000100000000)
  region size 1024K, 9 young (9216K), 9 survivors (9216K)
 Metaspace       used 35171K, committed 35520K, reserved 245760K
  class space    used 4838K, committed 4992K, reserved 212992K
}
Event: 8.737 GC heap before
{Heap before GC invocations=6 (full 0):
 garbage-first heap   total 262144K, used 199522K [0x00000000e0000000, 0x0000000100000000)
  region size 1024K, 135 young (138240K), 9 survivors (9216K)
 Metaspace       used 44944K, committed 45568K, reserved 253952K
  class space    used 6178K, committed 6464K, reserved 212992K
}
Event: 8.750 GC heap after
{Heap after GC invocations=7 (full 0):
 garbage-first heap   total 262144K, used 81920K [0x00000000e0000000, 0x0000000100000000)
  region size 1024K, 17 young (17408K), 17 survivors (17408K)
 Metaspace       used 44944K, committed 45568K, reserved 253952K
  class space    used 6178K, committed 6464K, reserved 212992K
}
Event: 10.285 GC heap before
{Heap before GC invocations=7 (full 0):
 garbage-first heap   total 262144K, used 197632K [0x00000000e0000000, 0x0000000100000000)
  region size 1024K, 130 young (133120K), 17 survivors (17408K)
 Metaspace       used 56138K, committed 56768K, reserved 262144K
  class space    used 7757K, committed 8064K, reserved 212992K
}
Event: 10.301 GC heap after
{Heap after GC invocations=8 (full 0):
 garbage-first heap   total 262144K, used 89679K [0x00000000e0000000, 0x0000000100000000)
  region size 1024K, 8 young (8192K), 8 survivors (8192K)
 Metaspace       used 56138K, committed 56768K, reserved 262144K
  class space    used 7757K, committed 8064K, reserved 212992K
}

